{
  ip: '::ffff:127.0.0.1',
  userAgent: 'insomnia/11.2.0',
  level: 'info',
  message: 'Attempt to fetch all users',
  timestamp: '2025-07-20 10:03:48'
}
{
  ip: '::ffff:127.0.0.1',
  userAgent: 'insomnia/11.2.0',
  processingTime: 254,
  level: 'info',
  message: 'Users fetched successfully',
  timestamp: '2025-07-20 10:03:48'
}
{
  ip: '::ffff:127.0.0.1',
  userAgent: 'insomnia/11.2.0',
  userId: '686cd3a71b131ceb104c2a7a',
  level: 'info',
  message: 'Attempt to create a new status',
  timestamp: '2025-07-20 10:05:45'
}
{
  ip: '::ffff:127.0.0.1',
  userAgent: 'insomnia/11.2.0',
  userId: '686cd3a71b131ceb104c2a7a',
  processingTime: 228,
  level: 'error',
  message: 'UNAUTHORIZED',
  timestamp: '2025-07-20 10:05:46'
}
{
  ip: '::ffff:127.0.0.1',
  userAgent: 'insomnia/11.2.0',
  userId: '686cd37c1b131ceb104c2a70',
  level: 'info',
  message: 'Attempt to create a new status',
  timestamp: '2025-07-20 10:06:02'
}
{
  ip: '::ffff:127.0.0.1',
  userAgent: 'insomnia/11.2.0',
  userId: '686cd37c1b131ceb104c2a70',
  processingTime: 240,
  level: 'error',
  message: 'UNAUTHORIZED',
  timestamp: '2025-07-20 10:06:02'
}
{
  ip: '::ffff:127.0.0.1',
  userAgent: 'insomnia/11.2.0',
  userId: '686cd30d23c8db2be9b4475b',
  level: 'info',
  message: 'Attempt to create a new status',
  timestamp: '2025-07-20 10:06:15'
}
{
  ip: '::ffff:127.0.0.1',
  userAgent: 'insomnia/11.2.0',
  userId: '686cd30d23c8db2be9b4475b',
  processingTime: 254,
  level: 'error',
  message: 'UNAUTHORIZED',
  timestamp: '2025-07-20 10:06:15'
}
{
  ip: '::ffff:127.0.0.1',
  userAgent: 'insomnia/11.2.0',
  userId: '686cd0d0c7b0203a6221c037',
  level: 'info',
  message: 'Attempt to create a new status',
  timestamp: '2025-07-20 10:06:25'
}
{
  ip: '::ffff:127.0.0.1',
  userAgent: 'insomnia/11.2.0',
  userId: '686cd0d0c7b0203a6221c037',
  processingTime: 315,
  level: 'info',
  message: 'Status created successfully',
  timestamp: '2025-07-20 10:06:25'
}
{
  ip: '::ffff:127.0.0.1',
  userAgent: 'insomnia/11.3.0',
  level: 'info',
  message: 'Attempt to create a new tag',
  timestamp: '2025-07-20 11:43:11'
}
{
  ip: '::ffff:127.0.0.1',
  userAgent: 'insomnia/11.3.0',
  processingTime: 206,
  label: 'Done',
  type: 'priority',
  level: 'info',
  message: 'Tag created successfully',
  timestamp: '2025-07-20 11:43:11'
}
{
  ip: '::ffff:127.0.0.1',
  userAgent: 'insomnia/11.3.0',
  tagId: '687c9e0fd7ebba1adae36ee0',
  level: 'info',
  message: 'Attempt to delete tag',
  timestamp: '2025-07-20 11:43:34'
}
{
  ip: '::ffff:127.0.0.1',
  userAgent: 'insomnia/11.3.0',
  tagId: '687c9e0fd7ebba1adae36ee0',
  processingTime: 118,
  level: 'info',
  message: 'Tag deleted successfully',
  timestamp: '2025-07-20 11:43:34'
}
{
  ip: '::ffff:127.0.0.1',
  userAgent: 'insomnia/11.3.0',
  level: 'info',
  message: 'Attempt to fetch tags',
  timestamp: '2025-07-20 11:43:38'
}
{
  ip: '::ffff:127.0.0.1',
  userAgent: 'insomnia/11.3.0',
  processingTime: 133,
  level: 'info',
  message: 'No tags found',
  timestamp: '2025-07-20 11:43:38'
}
{
  ip: '::ffff:127.0.0.1',
  userAgent: 'insomnia/11.3.0',
  level: 'info',
  message: 'Attempt to fetch tags',
  timestamp: '2025-07-20 11:43:39'
}
{
  ip: '::ffff:127.0.0.1',
  userAgent: 'insomnia/11.3.0',
  processingTime: 73,
  level: 'info',
  message: 'No tags found',
  timestamp: '2025-07-20 11:43:39'
}
{
  ip: '::ffff:127.0.0.1',
  userAgent: 'insomnia/11.3.0',
  level: 'info',
  message: 'Attempt to fetch tags',
  timestamp: '2025-07-20 11:43:40'
}
{
  ip: '::ffff:127.0.0.1',
  userAgent: 'insomnia/11.3.0',
  processingTime: 85,
  level: 'info',
  message: 'No tags found',
  timestamp: '2025-07-20 11:43:40'
}
{
  ip: '::ffff:127.0.0.1',
  userAgent: 'insomnia/11.3.0',
  level: 'info',
  message: 'Attempt to create a new tag',
  timestamp: '2025-07-20 11:43:46'
}
{
  ip: '::ffff:127.0.0.1',
  userAgent: 'insomnia/11.3.0',
  processingTime: 187,
  label: 'Done',
  type: 'task',
  level: 'info',
  message: 'Tag created successfully',
  timestamp: '2025-07-20 11:43:46'
}
{
  ip: '::ffff:127.0.0.1',
  userAgent: 'insomnia/11.3.0',
  level: 'info',
  message: 'Attempt to fetch tags',
  timestamp: '2025-07-20 11:43:49'
}
{
  ip: '::ffff:127.0.0.1',
  userAgent: 'insomnia/11.3.0',
  processingTime: 77,
  level: 'info',
  message: 'Tags fetched successfully',
  timestamp: '2025-07-20 11:43:49'
}
{
  ip: '::ffff:127.0.0.1',
  userAgent: 'insomnia/11.3.0',
  title: 'My first task',
  level: 'info',
  message: 'Attempt to create a new task',
  timestamp: '2025-07-20 12:08:00'
}
{
  ip: '::ffff:127.0.0.1',
  userAgent: 'insomnia/11.3.0',
  title: 'My first task',
  level: 'info',
  message: 'Attempt to create a new task',
  timestamp: '2025-07-20 12:09:34'
}
{
  ip: '::ffff:127.0.0.1',
  userAgent: 'insomnia/11.3.0',
  title: 'My first task',
  level: 'info',
  message: 'Attempt to create a new task',
  timestamp: '2025-07-20 12:09:41'
}
{
  ip: '::ffff:127.0.0.1',
  userAgent: 'insomnia/11.3.0',
  title: 'My first task',
  level: 'info',
  message: 'Attempt to create a new task',
  timestamp: '2025-07-20 12:11:03'
}
{
  ip: '::ffff:127.0.0.1',
  userAgent: 'insomnia/11.3.0',
  title: 'My first task',
  level: 'info',
  message: 'Attempt to create a new task',
  timestamp: '2025-07-20 12:11:52'
}
{
  ip: '::ffff:127.0.0.1',
  userAgent: 'insomnia/11.3.0',
  level: 'info',
  message: 'Attempt to create a new tag',
  timestamp: '2025-07-20 12:12:17'
}
{
  ip: '::ffff:127.0.0.1',
  userAgent: 'insomnia/11.3.0',
  processingTime: 243,
  label: 'test',
  type: 'task',
  level: 'info',
  message: 'Tag created successfully',
  timestamp: '2025-07-20 12:12:17'
}
{
  ip: '::ffff:127.0.0.1',
  userAgent: 'insomnia/11.3.0',
  title: 'My first task',
  level: 'info',
  message: 'Attempt to create a new task',
  timestamp: '2025-07-20 12:12:22'
}
{
  ip: '::ffff:127.0.0.1',
  userAgent: 'insomnia/11.3.0',
  title: 'My first task',
  taskId: new ObjectId('687ca4e6e8d87c71bb1e713e'),
  processingTime: 221,
  level: 'info',
  message: 'Task created successfully',
  timestamp: '2025-07-20 12:12:22'
}
{
  ip: '::ffff:127.0.0.1',
  userAgent: 'insomnia/11.3.0',
  title: 'My first task',
  error: 'SelfTask is not defined',
  processingTime: 224,
  level: 'error',
  message: 'Error creating task',
  timestamp: '2025-07-20 12:12:22'
}
{
  ip: '::ffff:127.0.0.1',
  userAgent: 'insomnia/11.3.0',
  title: 'My first task',
  level: 'info',
  message: 'Attempt to create a new task',
  timestamp: '2025-07-20 12:12:50'
}
{
  ip: '::ffff:127.0.0.1',
  userAgent: 'insomnia/11.3.0',
  title: 'My first task',
  level: 'error',
  message: 'Duplicate task title for same user',
  timestamp: '2025-07-20 12:12:50'
}
{
  ip: '::ffff:127.0.0.1',
  userAgent: 'insomnia/11.3.0',
  title: 'My first task',
  level: 'info',
  message: 'Attempt to create a new task',
  timestamp: '2025-07-20 12:13:45'
}
{
  ip: '::ffff:127.0.0.1',
  userAgent: 'insomnia/11.3.0',
  title: 'My first task',
  taskId: new ObjectId('687ca539b640058e8dd9ff43'),
  processingTime: 321,
  level: 'info',
  message: 'Task created successfully',
  timestamp: '2025-07-20 12:13:45'
}
{
  ip: '::ffff:127.0.0.1',
  userAgent: 'insomnia/11.3.0',
  title: 'My first task',
  error: 'savedTask.populate(...).populate is not a function',
  processingTime: 327,
  level: 'error',
  message: 'Error creating task',
  timestamp: '2025-07-20 12:13:45'
}
{
  ip: '::ffff:127.0.0.1',
  userAgent: 'insomnia/11.3.0',
  title: 'My first task',
  level: 'info',
  message: 'Self task created successfully',
  timestamp: '2025-07-20 12:13:45'
}
{
  ip: '::ffff:127.0.0.1',
  userAgent: 'insomnia/11.3.0',
  title: 'My first task',
  error: 'Cannot set headers after they are sent to the client',
  userId: new ObjectId('686cd3a71b131ceb104c2a7a'),
  level: 'error',
  message: 'Error creating self task',
  timestamp: '2025-07-20 12:13:45'
}
{
  ip: '::ffff:127.0.0.1',
  userAgent: 'insomnia/11.3.0',
  title: 'My first task',
  level: 'info',
  message: 'Attempt to create a new task',
  timestamp: '2025-07-20 12:23:34'
}
{
  ip: '::ffff:127.0.0.1',
  userAgent: 'insomnia/11.3.0',
  title: 'My first task',
  level: 'error',
  message: 'Duplicate task title for same user',
  timestamp: '2025-07-20 12:23:34'
}
{
  ip: '::ffff:127.0.0.1',
  userAgent: 'insomnia/11.3.0',
  title: 'My first task',
  level: 'info',
  message: 'Attempt to create a new task',
  timestamp: '2025-07-20 12:23:52'
}
{
  ip: '::ffff:127.0.0.1',
  userAgent: 'insomnia/11.3.0',
  title: 'My first task',
  taskId: new ObjectId('687ca799b18347f47eb9819c'),
  processingTime: 356,
  level: 'info',
  message: 'Task created successfully',
  timestamp: '2025-07-20 12:23:53'
}
{
  ip: '::ffff:127.0.0.1',
  userAgent: 'insomnia/11.3.0',
  title: 'My first task',
  level: 'info',
  message: 'Self task created successfully',
  timestamp: '2025-07-20 12:23:53'
}
{
  ip: '::ffff:127.0.0.1',
  userAgent: 'insomnia/11.3.0',
  title: 'My first task',
  error: 'Cannot set headers after they are sent to the client',
  processingTime: 598,
  level: 'error',
  message: 'Error creating task',
  timestamp: '2025-07-20 12:23:53'
}
{
  ip: '::ffff:127.0.0.1',
  userAgent: 'insomnia/11.3.0',
  title: 'My first task',
  level: 'info',
  message: 'Attempt to create a new task',
  timestamp: '2025-07-20 12:31:10'
}
{
  ip: '::ffff:127.0.0.1',
  userAgent: 'insomnia/11.3.0',
  title: 'My first task',
  missingFields: [ 'isSelf' ],
  level: 'error',
  message: 'Missing required fields',
  timestamp: '2025-07-20 12:31:10'
}
{
  ip: '::ffff:127.0.0.1',
  userAgent: 'insomnia/11.3.0',
  title: 'My first task',
  level: 'info',
  message: 'Attempt to create a new task',
  timestamp: '2025-07-20 12:33:14'
}
{
  ip: '::ffff:127.0.0.1',
  userAgent: 'insomnia/11.3.0',
  title: 'My first task',
  level: 'error',
  message: 'Duplicate task title for same user',
  timestamp: '2025-07-20 12:33:14'
}
{
  ip: '::ffff:127.0.0.1',
  userAgent: 'insomnia/11.3.0',
  title: 'My second task',
  level: 'info',
  message: 'Attempt to create a new task',
  timestamp: '2025-07-20 12:33:22'
}
{
  ip: '::ffff:127.0.0.1',
  userAgent: 'insomnia/11.3.0',
  title: 'My second task',
  taskId: new ObjectId('687ca9d37d9ca7743f80bc29'),
  processingTime: 288,
  level: 'info',
  message: 'Task created successfully',
  timestamp: '2025-07-20 12:33:23'
}
{
  ip: '::ffff:127.0.0.1',
  userAgent: 'insomnia/11.3.0',
  title: 'My third task',
  level: 'info',
  message: 'Attempt to create a new task',
  timestamp: '2025-07-20 12:34:20'
}
{
  ip: '::ffff:127.0.0.1',
  userAgent: 'insomnia/11.3.0',
  title: 'My third task',
  role: 'executor',
  level: 'error',
  message: 'You can only create self tasks',
  timestamp: '2025-07-20 12:34:20'
}
{
  ip: '::ffff:127.0.0.1',
  userAgent: 'insomnia/11.3.0',
  title: 'My third task',
  level: 'info',
  message: 'Attempt to create a new task',
  timestamp: '2025-07-20 12:34:31'
}
{
  ip: '::ffff:127.0.0.1',
  userAgent: 'insomnia/11.3.0',
  title: 'My third task',
  taskId: new ObjectId('687caa177d9ca7743f80bc34'),
  processingTime: 412,
  level: 'info',
  message: 'Task created successfully',
  timestamp: '2025-07-20 12:34:31'
}
{
  ip: '::ffff:127.0.0.1',
  userAgent: 'insomnia/11.3.0',
  title: 'My third task',
  error: 'Transaction with { txnNumber: 3 } has been committed.',
  userId: new ObjectId('686cd37c1b131ceb104c2a70'),
  level: 'error',
  message: 'Error creating self task',
  timestamp: '2025-07-20 12:34:32'
}
{
  ip: '::ffff:127.0.0.1',
  userAgent: 'insomnia/11.3.0',
  title: 'My 4th task',
  level: 'info',
  message: 'Attempt to create a new task',
  timestamp: '2025-07-20 12:36:33'
}
{
  ip: '::ffff:127.0.0.1',
  userAgent: 'insomnia/11.3.0',
  title: 'My 4th task',
  taskId: new ObjectId('687caa927d9ca7743f80bc3e'),
  processingTime: 380,
  level: 'info',
  message: 'Task created successfully',
  timestamp: '2025-07-20 12:36:34'
}
{
  ip: '::ffff:127.0.0.1',
  userAgent: 'insomnia/11.3.0',
  title: 'My 4th task',
  level: 'info',
  message: 'Self task created successfully',
  timestamp: '2025-07-20 12:36:34'
}
{
  ip: '::ffff:127.0.0.1',
  userAgent: 'insomnia/11.3.0',
  title: 'My 4th task',
  error: 'Cannot set headers after they are sent to the client',
  processingTime: 663,
  level: 'error',
  message: 'Error creating task',
  timestamp: '2025-07-20 12:36:34'
}
{
  ip: '::ffff:127.0.0.1',
  userAgent: 'insomnia/11.3.0',
  title: 'My first task',
  level: 'info',
  message: 'Attempt to create a new task',
  timestamp: '2025-07-20 12:38:14'
}
{
  ip: '::ffff:127.0.0.1',
  userAgent: 'insomnia/11.3.0',
  title: 'My first task',
  role: 'executor',
  level: 'error',
  message: 'You can only create self tasks',
  timestamp: '2025-07-20 12:38:14'
}
{
  ip: '::ffff:127.0.0.1',
  userAgent: 'insomnia/11.3.0',
  title: 'My first task',
  level: 'info',
  message: 'Attempt to create a new task',
  timestamp: '2025-07-20 12:38:26'
}
{
  ip: '::ffff:127.0.0.1',
  userAgent: 'insomnia/11.3.0',
  title: 'My first task',
  taskId: new ObjectId('687cab03627e6facf9ccf9c4'),
  processingTime: 259,
  level: 'info',
  message: 'Task created successfully',
  timestamp: '2025-07-20 12:38:27'
}
{
  ip: '::ffff:127.0.0.1',
  userAgent: 'insomnia/11.3.0',
  title: 'My first task',
  level: 'info',
  message: 'Attempt to create a new task',
  timestamp: '2025-07-20 12:38:30'
}
{
  ip: '::ffff:127.0.0.1',
  userAgent: 'insomnia/11.3.0',
  title: 'My first task',
  level: 'error',
  message: 'Duplicate task title for same user',
  timestamp: '2025-07-20 12:38:31'
}
{
  ip: '::ffff:127.0.0.1',
  userAgent: 'insomnia/11.3.0',
  title: 'My first task',
  level: 'info',
  message: 'Attempt to create a new task',
  timestamp: '2025-07-20 18:45:54'
}
{
  ip: '::ffff:127.0.0.1',
  userAgent: 'insomnia/11.3.0',
  title: 'My first task',
  level: 'error',
  message: 'Duplicate task title for same user',
  timestamp: '2025-07-20 18:45:55'
}
{
  ip: '::ffff:127.0.0.1',
  userAgent: 'insomnia/11.3.0',
  title: 'My second task',
  level: 'info',
  message: 'Attempt to create a new task',
  timestamp: '2025-07-20 18:46:41'
}
{
  ip: '::ffff:127.0.0.1',
  userAgent: 'insomnia/11.3.0',
  title: 'My second task',
  taskId: new ObjectId('687d015183a787eb275c1e51'),
  processingTime: 412,
  level: 'info',
  message: 'Task created successfully',
  timestamp: '2025-07-20 18:46:41'
}
{
  ip: '::ffff:127.0.0.1',
  userAgent: 'insomnia/11.3.0',
  title: 'My second task',
  level: 'info',
  message: 'Self task created successfully',
  timestamp: '2025-07-20 18:46:41'
}
{
  ip: '::ffff:127.0.0.1',
  userAgent: 'insomnia/11.3.0',
  title: 'My second task',
  level: 'info',
  message: 'Attempt to create a new task',
  timestamp: '2025-07-20 18:46:44'
}
{
  ip: '::ffff:127.0.0.1',
  userAgent: 'insomnia/11.3.0',
  title: 'My second task',
  level: 'error',
  message: 'Duplicate task title for same user',
  timestamp: '2025-07-20 18:46:44'
}
{
  ip: '::ffff:127.0.0.1',
  userAgent: 'insomnia/11.3.0',
  title: 'My third task',
  level: 'info',
  message: 'Attempt to create a new task',
  timestamp: '2025-07-20 18:48:41'
}
{
  ip: '::ffff:127.0.0.1',
  userAgent: 'insomnia/11.3.0',
  title: 'My third task',
  taskId: new ObjectId('687d01c9a96517322ce7bd04'),
  processingTime: 1029,
  level: 'info',
  message: 'Task created successfully',
  timestamp: '2025-07-20 18:48:42'
}
{
  ip: '::ffff:127.0.0.1',
  userAgent: 'insomnia/11.3.0',
  title: 'My 4th task',
  level: 'info',
  message: 'Attempt to create a new task',
  timestamp: '2025-07-20 18:48:47'
}
{
  ip: '::ffff:127.0.0.1',
  userAgent: 'insomnia/11.3.0',
  title: 'My 4th task',
  taskId: new ObjectId('687d01cfa96517322ce7bd0f'),
  processingTime: 869,
  level: 'info',
  message: 'Task created successfully',
  timestamp: '2025-07-20 18:48:48'
}
{
  ip: '::ffff:127.0.0.1',
  userAgent: 'insomnia/11.3.0',
  title: 'My 4th task',
  level: 'info',
  message: 'Attempt to create a new task',
  timestamp: '2025-07-20 18:48:52'
}
{
  ip: '::ffff:127.0.0.1',
  userAgent: 'insomnia/11.3.0',
  title: 'My 4th task',
  level: 'info',
  message: 'Attempt to create a new task',
  timestamp: '2025-07-20 19:03:13'
}
{
  ip: '::ffff:127.0.0.1',
  userAgent: 'insomnia/11.3.0',
  title: 'My 4th task',
  error: `E11000 duplicate key error collection: tako_db.tasks index: title_1_createdBy_1 dup key: { title: "My 4th task", createdBy: ObjectId('686cd3a71b131ceb104c2a7a') }`,
  processingTime: 539,
  level: 'error',
  message: 'Error creating task',
  timestamp: '2025-07-20 19:03:14'
}
{
  ip: '::ffff:127.0.0.1',
  userAgent: 'insomnia/11.3.0',
  title: 'My first task',
  level: 'info',
  message: 'Attempt to create a new task',
  timestamp: '2025-07-20 19:04:54'
}
{
  ip: '::ffff:127.0.0.1',
  userAgent: 'insomnia/11.3.0',
  title: 'My first task',
  taskId: new ObjectId('687d0596785d222d29596702'),
  processingTime: 853,
  level: 'info',
  message: 'Task created successfully',
  timestamp: '2025-07-20 19:04:54'
}
{
  ip: '::ffff:127.0.0.1',
  userAgent: 'insomnia/11.3.0',
  title: 'My first task',
  level: 'info',
  message: 'Attempt to create a new task',
  timestamp: '2025-07-20 19:05:00'
}
{
  ip: '::ffff:127.0.0.1',
  userAgent: 'insomnia/11.3.0',
  title: 'My first task',
  error: `E11000 duplicate key error collection: tako_db.tasks index: title_1_createdBy_1 dup key: { title: "My first task", createdBy: ObjectId('686cd3a71b131ceb104c2a7a') }`,
  processingTime: 646,
  level: 'error',
  message: 'Error creating task',
  timestamp: '2025-07-20 19:05:01'
}
{
  ip: '::ffff:127.0.0.1',
  userAgent: 'insomnia/11.3.0',
  title: 'My first task',
  level: 'info',
  message: 'Attempt to create a new task',
  timestamp: '2025-07-20 19:07:52'
}
{
  ip: '::ffff:127.0.0.1',
  userAgent: 'insomnia/11.3.0',
  title: 'My first task',
  taskId: new ObjectId('687d0648956ce058199d25c1'),
  processingTime: 912,
  level: 'info',
  message: 'Task created successfully',
  timestamp: '2025-07-20 19:07:53'
}
{
  ip: '::ffff:127.0.0.1',
  userAgent: 'insomnia/11.3.0',
  title: 'My first task',
  level: 'info',
  message: 'Attempt to create a new task',
  timestamp: '2025-07-20 19:08:24'
}
{
  ip: '::ffff:127.0.0.1',
  userAgent: 'insomnia/11.3.0',
  title: 'My first task',
  level: 'info',
  message: 'Attempt to create a new task',
  timestamp: '2025-07-20 19:11:43'
}
{
  ip: '::ffff:127.0.0.1',
  userAgent: 'insomnia/11.3.0',
  title: 'My first task',
  incoming: false,
  existing: undefined,
  level: 'error',
  message: 'Duplicate task',
  timestamp: '2025-07-20 19:11:44'
}
{
  ip: '::ffff:127.0.0.1',
  userAgent: 'insomnia/11.3.0',
  title: 'My first task',
  level: 'info',
  message: 'Attempt to create a new task',
  timestamp: '2025-07-20 19:12:54'
}
{
  ip: '::ffff:127.0.0.1',
  userAgent: 'insomnia/11.3.0',
  title: 'My first task',
  incoming: false,
  existing: {
    _id: new ObjectId('687d0596785d222d29596702'),
    title: 'My first task',
    description: 'THis is a first task adding to test the api',
    status: new ObjectId('687c87615a1f8a059bacea4a'),
    priority: 'medium',
    tags: [ new ObjectId('687ca4e1e8d87c71bb1e713a') ],
    assignedTo: null,
    dueDate: 2025-07-07T20:00:00.000Z,
    createdBy: new ObjectId('686cd3a71b131ceb104c2a7a'),
    isActive: true,
    isDeleted: false,
    isSelf: false,
    comments: [],
    createdAt: 2025-07-20T15:04:54.453Z,
    updatedAt: 2025-07-20T15:04:54.453Z,
    __v: 0
  },
  level: 'error',
  message: 'Duplicate task',
  timestamp: '2025-07-20 19:12:55'
}
{
  ip: '::ffff:127.0.0.1',
  userAgent: 'insomnia/11.3.0',
  title: 'My first task',
  level: 'info',
  message: 'Attempt to create a new task',
  timestamp: '2025-07-20 19:13:55'
}
{
  ip: '::ffff:127.0.0.1',
  userAgent: 'insomnia/11.3.0',
  title: 'My first task',
  incoming: false,
  existing: false,
  level: 'error',
  message: 'Duplicate task',
  timestamp: '2025-07-20 19:13:55'
}
{
  ip: '::ffff:127.0.0.1',
  userAgent: 'insomnia/11.3.0',
  title: 'My first task',
  level: 'info',
  message: 'Attempt to create a new task',
  timestamp: '2025-07-20 19:14:37'
}
{
  ip: '::ffff:127.0.0.1',
  userAgent: 'insomnia/11.3.0',
  title: 'My first task',
  taskId: new ObjectId('687d07dd657c4bdede4854f0'),
  processingTime: 927,
  level: 'info',
  message: 'Task created successfully',
  timestamp: '2025-07-20 19:14:38'
}
{
  ip: '::ffff:127.0.0.1',
  userAgent: 'insomnia/11.3.0',
  title: 'My first task',
  level: 'info',
  message: 'Attempt to create a new task',
  timestamp: '2025-07-20 19:14:46'
}
{
  ip: '::ffff:127.0.0.1',
  userAgent: 'insomnia/11.3.0',
  title: 'My first task',
  taskId: new ObjectId('687d07e7657c4bdede485500'),
  processingTime: 881,
  level: 'info',
  message: 'Task created successfully',
  timestamp: '2025-07-20 19:14:47'
}
{
  ip: '::ffff:127.0.0.1',
  userAgent: 'insomnia/11.3.0',
  title: 'My first task',
  level: 'info',
  message: 'Attempt to create a new task',
  timestamp: '2025-07-20 19:15:08'
}
{
  ip: '::ffff:127.0.0.1',
  userAgent: 'insomnia/11.3.0',
  title: 'My first task',
  error: `E11000 duplicate key error collection: tako_db.tasks index: title_1_createdBy_1_isSelf_1 dup key: { title: "My first task", createdBy: ObjectId('686cd3a71b131ceb104c2a7a'), isSelf: true }`,
  processingTime: 542,
  level: 'error',
  message: 'Error creating task',
  timestamp: '2025-07-20 19:15:08'
}
{
  ip: '::ffff:127.0.0.1',
  userAgent: 'insomnia/11.3.0',
  title: 'My first task',
  level: 'info',
  message: 'Attempt to create a new task',
  timestamp: '2025-07-20 19:16:31'
}
{
  ip: '::ffff:127.0.0.1',
  userAgent: 'insomnia/11.3.0',
  title: 'My first task',
  error: `E11000 duplicate key error collection: tako_db.tasks index: title_1_createdBy_1_isSelf_1 dup key: { title: "My first task", createdBy: ObjectId('686cd3a71b131ceb104c2a7a'), isSelf: true }`,
  processingTime: 717,
  level: 'error',
  message: 'Error creating task',
  timestamp: '2025-07-20 19:16:32'
}
{
  ip: '::ffff:127.0.0.1',
  userAgent: 'insomnia/11.3.0',
  title: 'My first task',
  level: 'info',
  message: 'Attempt to create a new task',
  timestamp: '2025-07-20 19:18:45'
}
{
  ip: '::ffff:127.0.0.1',
  userAgent: 'insomnia/11.3.0',
  title: 'My first task',
  level: 'info',
  message: 'Attempt to create a new task',
  timestamp: '2025-07-20 19:19:07'
}
{
  ip: '::ffff:127.0.0.1',
  userAgent: 'insomnia/11.3.0',
  title: 'My first task',
  processingTime: 639,
  level: 'error',
  message: 'Duplicate task found',
  timestamp: '2025-07-20 19:19:07'
}
{
  ip: '::ffff:127.0.0.1',
  userAgent: 'insomnia/11.3.0',
  title: 'My first task',
  level: 'info',
  message: 'Attempt to create a new task',
  timestamp: '2025-07-20 19:19:26'
}
{
  ip: '::ffff:127.0.0.1',
  userAgent: 'insomnia/11.3.0',
  title: 'My first task',
  processingTime: 591,
  level: 'error',
  message: 'Duplicate task found',
  timestamp: '2025-07-20 19:19:26'
}
