{
  ip: '::ffff:127.0.0.1',
  userAgent: 'insomnia/11.3.0',
  userId: '686cd3a71b131ceb104c2a7a',
  processingTime: 100,
  level: 'error',
  message: 'No self tasks found.',
  timestamp: '2025-07-23 09:33:16'
}
{
  ip: '::ffff:127.0.0.1',
  userAgent: 'insomnia/11.3.0',
  userId: '686cd3a71b131ceb104c2a7a',
  processingTime: 202,
  level: 'error',
  message: 'No self tasks found.',
  timestamp: '2025-07-23 09:33:31'
}
{
  ip: '::ffff:127.0.0.1',
  userAgent: 'insomnia/11.3.0',
  userId: '686cd3a71b131ceb104c2a7a',
  processingTime: 249,
  level: 'error',
  message: 'No self tasks found.',
  timestamp: '2025-07-23 09:34:20'
}
{
  ip: '::ffff:127.0.0.1',
  userAgent: 'insomnia/11.3.0',
  userId: '686cd3a71b131ceb104c2a7a',
  processingTime: 261,
  level: 'error',
  message: 'No self tasks found.',
  timestamp: '2025-07-23 09:35:41'
}
{
  ip: '::ffff:127.0.0.1',
  userAgent: 'insomnia/11.3.0',
  userId: '686cd3a71b131ceb104c2a7a',
  processingTime: 594,
  level: 'error',
  message: 'No self tasks found.',
  timestamp: '2025-07-23 09:37:14'
}
{
  ip: '::ffff:127.0.0.1',
  userAgent: 'insomnia/11.3.0',
  userId: '686cd3a71b131ceb104c2a7a',
  processingTime: 149,
  level: 'error',
  message: 'No self tasks found.',
  timestamp: '2025-07-23 09:37:44'
}
{
  ip: '::ffff:127.0.0.1',
  userAgent: 'insomnia/11.3.0',
  processingTime: 180,
  query: { isSelf: false },
  level: 'error',
  message: 'No tasks found for the given query',
  timestamp: '2025-07-23 09:45:06'
}
{
  ip: '::ffff:127.0.0.1',
  userAgent: 'insomnia/11.3.0',
  processingTime: 257,
  query: { isSelf: false },
  level: 'error',
  message: 'No tasks found for the given query',
  timestamp: '2025-07-23 09:45:12'
}
{
  ip: '::ffff:127.0.0.1',
  userAgent: 'insomnia/11.3.0',
  processingTime: 89,
  query: { isSelf: false },
  level: 'error',
  message: 'No tasks found for the given query',
  timestamp: '2025-07-23 09:47:01'
}
{
  ip: '::ffff:127.0.0.1',
  userAgent: 'insomnia/11.3.0',
  level: 'error',
  message: 'Missing or invalid task id',
  timestamp: '2025-07-23 09:58:48'
}
{
  ip: '::ffff:127.0.0.1',
  userAgent: 'insomnia/11.3.0',
  level: 'error',
  message: 'Missing or invalid task id',
  timestamp: '2025-07-23 12:12:30'
}
