{
  ip: '::ffff:127.0.0.1',
  userAgent: 'insomnia/11.3.0',
  error: 'Tags validation failed: type: `priority` is not a valid enum value for path `type`.',
  processingTime: 59,
  level: 'error',
  message: 'Error creating tag',
  timestamp: '2025-07-14 09:43:07'
}
{
  ip: '::ffff:127.0.0.1',
  userAgent: 'insomnia/11.2.0',
  statusId: '687089c8c82243c3512d5e97',
  processingTime: 53,
  level: 'error',
  message: 'Status not found',
  timestamp: '2025-07-14 09:43:38'
}
{
  ip: '::ffff:127.0.0.1',
  userAgent: 'insomnia/11.3.0',
  error: 'Tags validation failed: type: `priority` is not a valid enum value for path `type`.',
  processingTime: 39,
  level: 'error',
  message: 'Error creating tag',
  timestamp: '2025-07-14 09:43:51'
}
{
  ip: '::ffff:127.0.0.1',
  userAgent: 'insomnia/11.3.0',
  error: 'Tags validation failed: type: `priority` is not a valid enum value for path `type`.',
  processingTime: 45,
  level: 'error',
  message: 'Error creating tag',
  timestamp: '2025-07-14 10:04:01'
}
{
  ip: '::ffff:127.0.0.1',
  userAgent: 'insomnia/11.3.0',
  error: 'Tags validation failed: type: `priority` is not a valid enum value for path `type`.',
  processingTime: 30,
  level: 'error',
  message: 'Error creating tag',
  timestamp: '2025-07-14 13:04:53'
}
{
  ip: '::ffff:127.0.0.1',
  userAgent: 'insomnia/11.3.0',
  error: 'Tags validation failed: type: `priority` is not a valid enum value for path `type`.',
  processingTime: 52,
  level: 'error',
  message: 'Error creating tag',
  timestamp: '2025-07-14 13:05:37'
}
{
  ip: '::ffff:127.0.0.1',
  userAgent: 'insomnia/11.3.0',
  error: 'Tags validation failed: type: `priority` is not a valid enum value for path `type`.',
  processingTime: 39,
  level: 'error',
  message: 'Error creating tag',
  timestamp: '2025-07-14 13:05:57'
}
{
  ip: '::ffff:127.0.0.1',
  userAgent: 'insomnia/11.3.0',
  error: 'Tags validation failed: type: `priority` is not a valid enum value for path `type`.',
  processingTime: 44,
  level: 'error',
  message: 'Error creating tag',
  timestamp: '2025-07-14 13:06:08'
}
{
  ip: '::ffff:127.0.0.1',
  userAgent: 'insomnia/11.3.0',
  error: 'Tags validation failed: type: `priority` is not a valid enum value for path `type`.',
  processingTime: 48,
  level: 'error',
  message: 'Error creating tag',
  timestamp: '2025-07-14 13:07:12'
}
{
  ip: '::ffff:127.0.0.1',
  userAgent: 'insomnia/11.3.0',
  error: 'Tags validation failed: type: `priority` is not a valid enum value for path `type`.',
  processingTime: 45,
  level: 'error',
  message: 'Error creating tag',
  timestamp: '2025-07-14 13:07:45'
}
{
  ip: '::ffff:127.0.0.1',
  userAgent: 'insomnia/11.3.0',
  error: 'Tags validation failed: type: `priority` is not a valid enum value for path `type`.',
  processingTime: 41,
  level: 'error',
  message: 'Error creating tag',
  timestamp: '2025-07-14 13:08:15'
}
{
  ip: '::ffff:127.0.0.1',
  userAgent: 'insomnia/11.3.0',
  label: 'Urgent',
  type: 'priority',
  processingTime: 29,
  level: 'error',
  message: 'Tag already exists',
  timestamp: '2025-07-14 13:11:30'
}
