{
  email: 'jaseem@gmail.com',
  ip: '::ffff:127.0.0.1',
  error: 'Operation `users.findOne()` buffering timed out after 10000ms',
  stack: 'MongooseError: Operation `users.findOne()` buffering timed out after 10000ms\n' +
    '    at Timeout.<anonymous> (D:\\jaseem\\portfolio-proj\\Task Management\\server\\node_modules\\mongoose\\lib\\drivers\\node-mongodb-native\\collection.js:187:23)\n' +
    '    at listOnTimeout (node:internal/timers:588:17)\n' +
    '    at process.processTimers (node:internal/timers:523:7)',
  processingTime: 10057,
  level: 'error',
  message: 'Login error',
  timestamp: '2025-07-11 07:39:17'
}
{
  email: 'jaseem@gmail.com',
  ip: '::ffff:127.0.0.1',
  processingTime: 230,
  level: 'error',
  message: 'Incorrect email or password',
  timestamp: '2025-07-11 07:40:22'
}
{
  ip: '::ffff:127.0.0.1',
  userAgent: 'insomnia/11.2.0',
  userId: '686cd3a71b131ceb104c2a7a',
  error: 'userDocument is not defined',
  processingTime: 69,
  level: 'error',
  message: 'Error creating status',
  timestamp: '2025-07-11 07:45:20'
}
{
  ip: '::ffff:127.0.0.1',
  userAgent: 'insomnia/11.2.0',
  userId: '686cd3a71b131ceb104c2a7a',
  error: 'userDocument is not defined',
  processingTime: 109,
  level: 'error',
  message: 'Error creating status',
  timestamp: '2025-07-11 07:45:30'
}
{
  ip: '::ffff:127.0.0.1',
  userAgent: 'insomnia/11.2.0',
  userId: '686cd3a71b131ceb104c2a7a',
  error: 'userDocument is not defined',
  processingTime: 96,
  level: 'error',
  message: 'Error creating status',
  timestamp: '2025-07-11 07:46:02'
}
{
  ip: '::ffff:127.0.0.1',
  userAgent: 'insomnia/11.2.0',
  userId: '686cd3a71b131ceb104c2a7a',
  processingTime: 278,
  level: 'error',
  message: 'UNAUTHORIZED',
  timestamp: '2025-07-11 07:46:39'
}
{
  ip: '::ffff:127.0.0.1',
  userAgent: 'insomnia/11.2.0',
  userId: '686cd3a71b131ceb104c2a7a',
  processingTime: 177,
  level: 'error',
  message: 'UNAUTHORIZED',
  timestamp: '2025-07-11 07:46:56'
}
{
  ip: '::ffff:127.0.0.1',
  userAgent: 'insomnia/11.2.0',
  userId: '686cd3a71b131ceb104c2a7a',
  processingTime: 87,
  level: 'error',
  message: 'UNAUTHORIZED',
  timestamp: '2025-07-11 07:48:05'
}
{
  ip: '::ffff:127.0.0.1',
  userAgent: 'insomnia/11.2.0',
  userId: '686cd3a71b131ceb104c2a7a',
  processingTime: 73,
  level: 'error',
  message: 'UNAUTHORIZED',
  timestamp: '2025-07-11 07:48:09'
}
{
  ip: '::ffff:127.0.0.1',
  userAgent: 'insomnia/11.2.0',
  userId: '686cd37c1b131ceb104c2a70',
  processingTime: 338,
  level: 'error',
  message: 'UNAUTHORIZED',
  timestamp: '2025-07-11 07:49:07'
}
{
  ip: '::ffff:127.0.0.1',
  userAgent: 'insomnia/11.2.0',
  userId: '686cd30d23c8db2be9b4475b',
  processingTime: 143,
  level: 'error',
  message: 'UNAUTHORIZED',
  timestamp: '2025-07-11 07:49:17'
}
{
  ip: '::ffff:127.0.0.1',
  userAgent: 'insomnia/11.2.0',
  processingTime: 10,
  error: 'statusDocument is not defined',
  level: 'error',
  message: 'Error fetching statuses',
  timestamp: '2025-07-11 07:50:23'
}
{
  ip: '::ffff:127.0.0.1',
  userAgent: 'insomnia/11.2.0',
  statusId: '687089c8c82243c3512d5e97',
  processingTime: 30,
  level: 'error',
  message: 'Status not found',
  timestamp: '2025-07-11 08:37:42'
}
