{
  ip: '::ffff:127.0.0.1',
  userAgent: 'insomnia/11.3.0',
  title: 'Experience Abu Dhabi',
  level: 'info',
  message: 'Attempt to create a new task',
  timestamp: '2025-07-28 09:36:13'
}
{
  ip: '::ffff:127.0.0.1',
  userAgent: 'insomnia/11.3.0',
  title: 'Experience Abu Dhabi',
  requiredFields: 'assignedTo',
  level: 'error',
  message: 'BAD_REQUEST: Missing required fields : assignedTo',
  timestamp: '2025-07-28 09:36:13'
}
{
  message: 'Attempt to fetch all tasks',
  level: 'info',
  timestamp: '2025-07-28 12:08:16'
}
{
  ip: '::ffff:127.0.0.1',
  userAgent: 'insomnia/11.3.0',
  processingTime: 437,
  level: 'info',
  message: 'SUCCESS: Tasks fetched successfully',
  timestamp: '2025-07-28 12:08:16'
}
{
  message: 'Attempt to fetch all tasks',
  level: 'info',
  timestamp: '2025-07-28 13:07:52'
}
{
  ip: '::ffff:127.0.0.1',
  userAgent: 'insomnia/11.3.0',
  processingTime: 335,
  level: 'info',
  message: 'SUCCESS: Tasks fetched successfully',
  timestamp: '2025-07-28 13:07:52'
}
{
  ip: '::ffff:127.0.0.1',
  userAgent: 'insomnia/11.2.0',
  level: 'info',
  message: 'Attempt to fetch all users',
  timestamp: '2025-07-28 13:08:07'
}
{
  ip: '::ffff:127.0.0.1',
  userAgent: 'insomnia/11.2.0',
  processingTime: 139,
  level: 'info',
  message: 'Users fetched successfully',
  timestamp: '2025-07-28 13:08:07'
}
{
  ip: '::ffff:127.0.0.1',
  userAgent: 'insomnia/11.3.0',
  level: 'error',
  message: 'Missing or invalid task id',
  timestamp: '2025-07-28 13:08:16'
}
{
  ip: '::ffff:127.0.0.1',
  userAgent: 'insomnia/11.3.0',
  level: 'error',
  message: 'Missing or invalid task id',
  timestamp: '2025-07-28 13:23:05'
}
{
  ip: '::ffff:127.0.0.1',
  userAgent: 'insomnia/11.3.0',
  level: 'error',
  message: 'Missing or invalid task id',
  timestamp: '2025-07-28 13:23:32'
}
{
  ip: '::ffff:127.0.0.1',
  userAgent: 'insomnia/11.3.0',
  level: 'error',
  message: 'Missing or invalid task id',
  timestamp: '2025-07-28 13:23:43'
}
{
  ip: '::ffff:127.0.0.1',
  userAgent: 'insomnia/11.3.0',
  level: 'error',
  message: 'Missing or invalid task id',
  timestamp: '2025-07-28 13:24:21'
}
{
  ip: '::ffff:127.0.0.1',
  userAgent: 'insomnia/11.3.0',
  level: 'error',
  message: 'Missing or invalid task id',
  timestamp: '2025-07-28 13:25:06'
}
{
  ip: '::ffff:127.0.0.1',
  userAgent: 'insomnia/11.3.0',
  level: 'error',
  message: 'Missing or invalid task id',
  timestamp: '2025-07-28 13:25:24'
}
{
  ip: '::ffff:127.0.0.1',
  userAgent: 'insomnia/11.3.0',
  level: 'error',
  message: 'Missing or invalid task id',
  timestamp: '2025-07-28 13:25:36'
}
{
  ip: '::ffff:127.0.0.1',
  userAgent: 'insomnia/11.3.0',
  level: 'error',
  message: 'Missing or invalid task id',
  timestamp: '2025-07-28 13:25:57'
}
{
  ip: '::ffff:127.0.0.1',
  userAgent: 'insomnia/11.3.0',
  level: 'error',
  message: 'Missing or invalid task id',
  timestamp: '2025-07-28 13:26:23'
}
{
  ip: '::ffff:127.0.0.1',
  userAgent: 'insomnia/11.3.0',
  level: 'error',
  message: 'Missing or invalid task id',
  timestamp: '2025-07-28 13:26:50'
}
{
  ip: '::ffff:127.0.0.1',
  userAgent: 'insomnia/11.3.0',
  level: 'error',
  message: 'Missing or invalid task id',
  timestamp: '2025-07-28 13:26:54'
}
{
  ip: '::ffff:127.0.0.1',
  userAgent: 'insomnia/11.3.0',
  level: 'error',
  message: 'Missing or invalid task id',
  timestamp: '2025-07-28 13:26:55'
}
{
  ip: '::ffff:127.0.0.1',
  userAgent: 'insomnia/11.3.0',
  level: 'error',
  message: 'Missing or invalid task id',
  timestamp: '2025-07-28 13:26:56'
}
{
  ip: '::ffff:127.0.0.1',
  userAgent: 'insomnia/11.3.0',
  level: 'error',
  message: 'Missing or invalid task id',
  timestamp: '2025-07-28 13:26:56'
}
{
  ip: '::ffff:127.0.0.1',
  userAgent: 'insomnia/11.3.0',
  level: 'error',
  message: 'Missing or invalid task id',
  timestamp: '2025-07-28 13:27:29'
}
{
  ip: '::ffff:127.0.0.1',
  userAgent: 'insomnia/11.3.0',
  level: 'error',
  message: 'Missing or invalid task id',
  timestamp: '2025-07-28 13:27:44'
}
{
  ip: '::ffff:127.0.0.1',
  userAgent: 'insomnia/11.3.0',
  level: 'error',
  message: 'Missing or invalid task id',
  timestamp: '2025-07-28 13:28:34'
}
{
  ip: '::ffff:127.0.0.1',
  userAgent: 'insomnia/11.3.0',
  level: 'error',
  message: 'Missing or invalid task id',
  timestamp: '2025-07-28 13:28:35'
}
{
  ip: '::ffff:127.0.0.1',
  userAgent: 'insomnia/11.3.0',
  level: 'error',
  message: 'Missing or invalid task id',
  timestamp: '2025-07-28 13:28:35'
}
{
  ip: '::ffff:127.0.0.1',
  userAgent: 'insomnia/11.3.0',
  level: 'error',
  message: 'Missing or invalid task id',
  timestamp: '2025-07-28 13:28:35'
}
{
  ip: '::ffff:127.0.0.1',
  userAgent: 'insomnia/11.3.0',
  level: 'error',
  message: 'Missing or invalid task id',
  timestamp: '2025-07-28 13:28:35'
}
{
  ip: '::ffff:127.0.0.1',
  userAgent: 'insomnia/11.3.0',
  level: 'error',
  message: 'Missing or invalid task id',
  timestamp: '2025-07-28 13:28:36'
}
{
  ip: '::ffff:127.0.0.1',
  userAgent: 'insomnia/11.3.0',
  level: 'error',
  message: 'Missing or invalid task id',
  timestamp: '2025-07-28 13:28:50'
}
{
  ip: '::ffff:127.0.0.1',
  userAgent: 'insomnia/11.3.0',
  level: 'error',
  message: 'Missing or invalid task id',
  timestamp: '2025-07-28 13:28:52'
}
{
  ip: '::ffff:127.0.0.1',
  userAgent: 'insomnia/11.3.0',
  level: 'error',
  message: 'Missing or invalid task id',
  timestamp: '2025-07-28 13:29:16'
}
{
  ip: '::ffff:127.0.0.1',
  userAgent: 'insomnia/11.3.0',
  level: 'error',
  message: 'Missing or invalid task id',
  timestamp: '2025-07-28 13:29:28'
}
{
  ip: '::ffff:127.0.0.1',
  userAgent: 'insomnia/11.3.0',
  level: 'error',
  message: 'Missing or invalid task id',
  timestamp: '2025-07-28 13:29:29'
}
{
  ip: '::ffff:127.0.0.1',
  userAgent: 'insomnia/11.3.0',
  level: 'error',
  message: 'Missing or invalid task id',
  timestamp: '2025-07-28 13:29:29'
}
{
  ip: '::ffff:127.0.0.1',
  userAgent: 'insomnia/11.3.0',
  level: 'error',
  message: 'Missing or invalid task id',
  timestamp: '2025-07-28 13:29:29'
}
{
  ip: '::ffff:127.0.0.1',
  userAgent: 'insomnia/11.3.0',
  level: 'error',
  message: 'Missing or invalid task id',
  timestamp: '2025-07-28 13:29:30'
}
{
  ip: '::ffff:127.0.0.1',
  userAgent: 'insomnia/11.3.0',
  level: 'error',
  message: 'Missing or invalid task id',
  timestamp: '2025-07-28 13:29:30'
}
{
  ip: '::ffff:127.0.0.1',
  userAgent: 'insomnia/11.3.0',
  level: 'error',
  message: 'Missing or invalid task id',
  timestamp: '2025-07-28 13:29:30'
}
{
  ip: '::ffff:127.0.0.1',
  userAgent: 'insomnia/11.3.0',
  level: 'error',
  message: 'Missing or invalid task id',
  timestamp: '2025-07-28 13:30:10'
}
{
  ip: '::ffff:127.0.0.1',
  userAgent: 'insomnia/11.3.0',
  title: 'Experience Abu Dhabi',
  level: 'info',
  message: 'Attempt to create a new task',
  timestamp: '2025-07-28 13:31:05'
}
{
  ip: '::ffff:127.0.0.1',
  userAgent: 'insomnia/11.3.0',
  title: 'Experience Abu Dhabi',
  requiredFields: 'assignedTo',
  level: 'error',
  message: 'BAD_REQUEST: Missing required fields : assignedTo',
  timestamp: '2025-07-28 13:31:05'
}
{
  ip: '::ffff:127.0.0.1',
  userAgent: 'insomnia/11.3.0',
  title: 'Experience Abu Dhabi',
  level: 'info',
  message: 'Attempt to create a new task',
  timestamp: '2025-07-28 13:31:22'
}
{
  ip: '::ffff:127.0.0.1',
  userAgent: 'insomnia/11.3.0',
  title: 'Experience Abu Dhabi',
  incoming: false,
  existing: false,
  level: 'error',
  message: 'CONFLICT: You already have a task with this title',
  timestamp: '2025-07-28 13:31:22'
}
{
  ip: '::ffff:127.0.0.1',
  userAgent: 'insomnia/11.3.0',
  title: 'Feedback form',
  level: 'info',
  message: 'Attempt to create a new task',
  timestamp: '2025-07-28 13:31:44'
}
{
  ip: '::ffff:127.0.0.1',
  userAgent: 'insomnia/11.3.0',
  title: 'Feedback form',
  taskId: new ObjectId('688743805556124e038eced1'),
  processingTime: 321,
  level: 'info',
  message: 'CREATED: Task created successfully',
  timestamp: '2025-07-28 13:31:44'
}
{
  message: 'Attempt to fetch all tasks',
  level: 'info',
  timestamp: '2025-07-28 13:32:04'
}
{
  ip: '::ffff:127.0.0.1',
  userAgent: 'insomnia/11.3.0',
  processingTime: 417,
  level: 'info',
  message: 'SUCCESS: Tasks fetched successfully',
  timestamp: '2025-07-28 13:32:05'
}
{
  message: 'Attempt to fetch all tasks',
  level: 'info',
  timestamp: '2025-07-28 13:34:51'
}
{
  ip: '::ffff:127.0.0.1',
  userAgent: 'insomnia/11.3.0',
  processingTime: 336,
  level: 'info',
  message: 'SUCCESS: Tasks fetched successfully',
  timestamp: '2025-07-28 13:34:51'
}
{
  message: 'Attempt to fetch all tasks',
  level: 'info',
  timestamp: '2025-07-28 13:36:34'
}
{
  ip: '::ffff:127.0.0.1',
  userAgent: 'insomnia/11.3.0',
  processingTime: 170,
  level: 'info',
  message: 'SUCCESS: Tasks fetched successfully',
  timestamp: '2025-07-28 13:36:34'
}
{
  message: 'Attempt to fetch all tasks',
  level: 'info',
  timestamp: '2025-07-28 13:37:31'
}
{
  ip: '::ffff:127.0.0.1',
  userAgent: 'insomnia/11.3.0',
  message: 'INTERNAL_SERVER_ERROR: Something wen wrong while fetching all tasks. Please try again later Cannot populate path `updatedBy,` because it is not in your schema. Set the `strictPopulate` option to false to override.',
  stack: 'StrictPopulateError: Cannot populate path `updatedBy,` because it is not in your schema. Set the `strictPopulate` option to false to override.\n' +
    '    at getModelsMapForPopulate (D:\\jaseem\\portfolio-proj\\Task Management\\server\\node_modules\\mongoose\\lib\\helpers\\populate\\getModelsMapForPopulate.js:50:12)\n' +
    '    at _populatePath (D:\\jaseem\\portfolio-proj\\Task Management\\server\\node_modules\\mongoose\\lib\\model.js:4468:21)\n' +
    '    at Function.populate (D:\\jaseem\\portfolio-proj\\Task Management\\server\\node_modules\\mongoose\\lib\\model.js:4435:21)\n' +
    '    at model.Query._find (D:\\jaseem\\portfolio-proj\\Task Management\\server\\node_modules\\mongoose\\lib\\query.js:2429:23)\n' +
    '    at process.processTicksAndRejections (node:internal/process/task_queues:105:5)\n' +
    '    at async model.Query.exec (D:\\jaseem\\portfolio-proj\\Task Management\\server\\node_modules\\mongoose\\lib\\query.js:4604:63)\n' +
    '    at async file:///D:/jaseem/portfolio-proj/Task%20Management/server/controllers/tasks/fetchAllTasks.js:102:19',
  level: 'error',
  timestamp: '2025-07-28 13:37:31'
}
{
  message: 'Attempt to fetch all tasks',
  level: 'info',
  timestamp: '2025-07-28 13:37:39'
}
{
  ip: '::ffff:127.0.0.1',
  userAgent: 'insomnia/11.3.0',
  processingTime: 1700,
  level: 'info',
  message: 'SUCCESS: Tasks fetched successfully',
  timestamp: '2025-07-28 13:37:41'
}
{
  message: 'Attempt to fetch all tasks',
  level: 'info',
  timestamp: '2025-07-28 13:40:23'
}
{
  ip: '::ffff:127.0.0.1',
  userAgent: 'insomnia/11.3.0',
  processingTime: 158,
  level: 'info',
  message: 'SUCCESS: Tasks fetched successfully',
  timestamp: '2025-07-28 13:40:23'
}
{
  ip: '::ffff:127.0.0.1',
  userAgent: 'insomnia/11.3.0',
  level: 'error',
  message: 'Missing or invalid task id',
  timestamp: '2025-07-28 13:40:46'
}
{
  ip: '::ffff:127.0.0.1',
  userAgent: 'insomnia/11.3.0',
  level: 'error',
  message: 'Missing or invalid task id',
  timestamp: '2025-07-28 13:42:33'
}
{
  ip: '::ffff:127.0.0.1',
  userAgent: 'insomnia/11.3.0',
  level: 'error',
  message: 'Missing or invalid task id',
  timestamp: '2025-07-28 13:42:41'
}
{
  ip: '::ffff:127.0.0.1',
  userAgent: 'insomnia/11.3.0',
  level: 'error',
  message: 'Missing or invalid task id',
  timestamp: '2025-07-28 13:45:22'
}
{
  ip: '::ffff:127.0.0.1',
  userAgent: 'insomnia/11.3.0',
  level: 'error',
  message: 'Missing or invalid task id',
  timestamp: '2025-07-28 13:47:51'
}
{
  ip: '::ffff:127.0.0.1',
  userAgent: 'insomnia/11.3.0',
  level: 'info',
  message: 'Attempt to assign task to a user',
  timestamp: '2025-07-28 13:55:06'
}
{
  ip: '::ffff:127.0.0.1',
  userAgent: 'insomnia/11.3.0',
  level: 'error',
  message: 'UNPROCESSABLE_ENTITY: You cannot assign task to a requester',
  timestamp: '2025-07-28 13:55:06'
}
{
  ip: '::ffff:127.0.0.1',
  userAgent: 'insomnia/11.3.0',
  level: 'error',
  message: 'Missing or invalid task id',
  timestamp: '2025-07-28 14:37:16'
}
{
  ip: '::ffff:127.0.0.1',
  userAgent: 'insomnia/11.3.0',
  level: 'error',
  message: 'Missing or invalid task id',
  timestamp: '2025-07-28 14:40:26'
}
{
  ip: '::ffff:127.0.0.1',
  userAgent: 'insomnia/11.3.0',
  level: 'error',
  message: 'Missing or invalid task id',
  timestamp: '2025-07-28 14:41:02'
}
{
  ip: '::ffff:127.0.0.1',
  userAgent: 'insomnia/11.3.0',
  level: 'error',
  message: 'Missing or invalid task id',
  timestamp: '2025-07-28 14:41:33'
}
{
  ip: '::ffff:127.0.0.1',
  userAgent: 'insomnia/11.3.0',
  level: 'error',
  message: 'Missing or invalid task id',
  timestamp: '2025-07-28 14:50:05'
}
{
  ip: '::ffff:127.0.0.1',
  userAgent: 'insomnia/11.3.0',
  level: 'error',
  message: 'Missing or invalid task id',
  timestamp: '2025-07-28 14:50:10'
}
{
  ip: '::ffff:127.0.0.1',
  userAgent: 'insomnia/11.3.0',
  level: 'error',
  message: 'Missing or invalid task id',
  timestamp: '2025-07-28 14:50:11'
}
{
  ip: '::ffff:127.0.0.1',
  userAgent: 'insomnia/11.3.0',
  level: 'error',
  message: 'Missing or invalid task id',
  timestamp: '2025-07-28 14:50:24'
}
{
  ip: '::ffff:127.0.0.1',
  userAgent: 'insomnia/11.3.0',
  level: 'error',
  message: 'Missing or invalid task id',
  timestamp: '2025-07-28 14:56:58'
}
{
  ip: '::ffff:127.0.0.1',
  userAgent: 'insomnia/11.3.0',
  level: 'error',
  message: 'Missing or invalid task id',
  timestamp: '2025-07-28 14:57:05'
}
{
  ip: '::ffff:127.0.0.1',
  userAgent: 'insomnia/11.3.0',
  level: 'error',
  message: 'Missing or invalid task id',
  timestamp: '2025-07-28 14:57:06'
}
{
  ip: '::ffff:127.0.0.1',
  userAgent: 'insomnia/11.3.0',
  level: 'error',
  message: 'Missing or invalid task id',
  timestamp: '2025-07-28 14:57:44'
}
{
  ip: '::ffff:127.0.0.1',
  userAgent: 'insomnia/11.3.0',
  level: 'error',
  message: 'Missing or invalid task id',
  timestamp: '2025-07-28 14:58:11'
}
{
  ip: '::ffff:127.0.0.1',
  userAgent: 'insomnia/11.3.0',
  level: 'error',
  message: 'Missing or invalid task id',
  timestamp: '2025-07-28 14:58:23'
}
{
  ip: '::ffff:127.0.0.1',
  userAgent: 'insomnia/11.3.0',
  level: 'info',
  message: 'Attempt to assign task to a user',
  timestamp: '2025-07-28 15:00:11'
}
{
  ip: '::ffff:127.0.0.1',
  userAgent: 'insomnia/11.3.0',
  level: 'error',
  message: 'UNPROCESSABLE_ENTITY: You cannot assign task to a requester',
  timestamp: '2025-07-28 15:00:11'
}
{
  ip: '::ffff:127.0.0.1',
  userAgent: 'insomnia/11.3.0',
  level: 'info',
  message: 'Attempt to assign task to a user',
  timestamp: '2025-07-28 15:00:58'
}
{
  ip: '::ffff:127.0.0.1',
  userAgent: 'insomnia/11.3.0',
  taskId: new ObjectId('688077e782752e807f59f385'),
  assignedTo: {
    _id: new ObjectId('686cd37c1b131ceb104c2a70'),
    name: 'jaseem',
    email: 'jaseem2@gmail.com'
  },
  processingTime: 144,
  level: 'info',
  message: 'Task assigned successfully',
  timestamp: '2025-07-28 15:00:58'
}
{
  message: 'Attempt to fetch all tasks',
  level: 'info',
  timestamp: '2025-07-28 15:01:03'
}
{
  ip: '::ffff:127.0.0.1',
  userAgent: 'insomnia/11.3.0',
  processingTime: 312,
  level: 'info',
  message: 'SUCCESS: Tasks fetched successfully',
  timestamp: '2025-07-28 15:01:04'
}
{
  ip: '::ffff:127.0.0.1',
  userAgent: 'insomnia/11.3.0',
  title: 'Feedback form',
  level: 'info',
  message: 'Attempt to create a new task',
  timestamp: '2025-07-28 15:01:20'
}
{
  ip: '::ffff:127.0.0.1',
  userAgent: 'insomnia/11.3.0',
  title: 'Feedback form',
  incoming: false,
  existing: false,
  level: 'error',
  message: 'CONFLICT: You already have a task with this title',
  timestamp: '2025-07-28 15:01:21'
}
{
  ip: '::ffff:127.0.0.1',
  userAgent: 'insomnia/11.3.0',
  title: 'Sentry integration',
  level: 'info',
  message: 'Attempt to create a new task',
  timestamp: '2025-07-28 15:01:49'
}
{
  ip: '::ffff:127.0.0.1',
  userAgent: 'insomnia/11.3.0',
  title: 'Sentry integration',
  taskId: new ObjectId('6887589edee2f1c3dffc796b'),
  processingTime: 755,
  level: 'info',
  message: 'CREATED: Task created successfully',
  timestamp: '2025-07-28 15:01:50'
}
{
  ip: '::ffff:127.0.0.1',
  userAgent: 'insomnia/11.3.0',
  title: 'Sentry integration',
  level: 'info',
  message: 'Attempt to create a new task',
  timestamp: '2025-07-28 15:03:03'
}
{
  ip: '::ffff:127.0.0.1',
  userAgent: 'insomnia/11.3.0',
  title: 'Sentry integration',
  incoming: false,
  existing: false,
  level: 'error',
  message: 'CONFLICT: You already have a task with this title',
  timestamp: '2025-07-28 15:03:04'
}
{
  message: 'Attempt to fetch all tasks',
  level: 'info',
  timestamp: '2025-07-28 15:03:08'
}
{
  ip: '::ffff:127.0.0.1',
  userAgent: 'insomnia/11.3.0',
  processingTime: 269,
  level: 'info',
  message: 'SUCCESS: Tasks fetched successfully',
  timestamp: '2025-07-28 15:03:08'
}
{
  ip: '::ffff:127.0.0.1',
  userAgent: 'insomnia/11.3.0',
  title: 'Add bullet point',
  level: 'info',
  message: 'Attempt to create a new task',
  timestamp: '2025-07-28 15:03:33'
}
{
  ip: '::ffff:127.0.0.1',
  userAgent: 'insomnia/11.3.0',
  title: 'Add bullet point',
  taskId: new ObjectId('68875906aa28b38f85b180f8'),
  processingTime: 616,
  level: 'info',
  message: 'CREATED: Task created successfully',
  timestamp: '2025-07-28 15:03:34'
}
{
  ip: '::ffff:127.0.0.1',
  userAgent: 'insomnia/11.3.0',
  title: 'Add bullet point',
  level: 'info',
  message: 'Attempt to create a new task',
  timestamp: '2025-07-28 15:07:23'
}
{
  ip: '::ffff:127.0.0.1',
  userAgent: 'insomnia/11.3.0',
  title: 'Add bullet point',
  level: 'error',
  message: 'BAD_REQUEST: You cannot assign task to yourself',
  timestamp: '2025-07-28 15:07:23'
}
{
  message: 'Attempt to fetch all self tasks',
  level: 'info',
  timestamp: '2025-07-28 15:12:43'
}
{
  ip: '::ffff:127.0.0.1',
  userAgent: 'insomnia/11.3.0',
  userId: '686cd3a71b131ceb104c2a7a',
  processingTime: 136,
  level: 'error',
  message: 'NOT_FOUND: No self tasks found.',
  timestamp: '2025-07-28 15:12:44'
}
{
  message: 'Attempt to fetch all tasks',
  level: 'info',
  timestamp: '2025-07-28 15:12:49'
}
{
  ip: '::ffff:127.0.0.1',
  userAgent: 'insomnia/11.3.0',
  processingTime: 395,
  level: 'info',
  message: 'SUCCESS: Tasks fetched successfully',
  timestamp: '2025-07-28 15:12:49'
}
{
  message: 'Attempt to fetch all tasks',
  level: 'info',
  timestamp: '2025-07-28 15:17:48'
}
{
  ip: '::ffff:127.0.0.1',
  userAgent: 'insomnia/11.3.0',
  processingTime: 312,
  level: 'info',
  message: 'SUCCESS: Tasks fetched successfully',
  timestamp: '2025-07-28 15:17:48'
}
