{
  ip: '::ffff:127.0.0.1',
  userAgent: 'insomnia/11.3.0',
  level: 'info',
  message: 'Attempt to fetch tags',
  timestamp: '2025-07-24 08:32:16'
}
{
  ip: '::ffff:127.0.0.1',
  userAgent: 'insomnia/11.3.0',
  processingTime: 107,
  level: 'info',
  message: 'Tags fetched successfully',
  timestamp: '2025-07-24 08:32:16'
}
{
  message: 'Attempt to fetch all tasks',
  level: 'info',
  timestamp: '2025-07-24 09:17:55'
}
{
  ip: '::ffff:127.0.0.1',
  userAgent: 'insomnia/11.3.0',
  processingTime: 590,
  level: 'info',
  message: 'Tasks fetched successfully',
  timestamp: '2025-07-24 09:17:56'
}
{
  message: 'Attempt to fetch all tasks',
  level: 'info',
  timestamp: '2025-07-24 09:18:47'
}
{
  ip: '::ffff:127.0.0.1',
  userAgent: 'insomnia/11.3.0',
  processingTime: 249,
  level: 'info',
  message: 'Tasks fetched successfully',
  timestamp: '2025-07-24 09:18:48'
}
{
  message: 'Attempt to fetch all tasks',
  level: 'info',
  timestamp: '2025-07-24 09:19:13'
}
{
  ip: '::ffff:127.0.0.1',
  userAgent: 'insomnia/11.3.0',
  processingTime: 417,
  query: { assignedTo: '686cd37c1b131ceb104c2a70', isSelf: false },
  level: 'error',
  message: 'No tasks found for the given query',
  timestamp: '2025-07-24 09:19:14'
}
{
  message: 'Attempt to fetch all tasks',
  level: 'info',
  timestamp: '2025-07-24 09:19:27'
}
{
  ip: '::ffff:127.0.0.1',
  userAgent: 'insomnia/11.3.0',
  processingTime: 291,
  query: { tags: { '$in': [] }, isSelf: false },
  level: 'error',
  message: 'No tasks found for the given query',
  timestamp: '2025-07-24 09:19:27'
}
{
  message: 'Attempt to fetch all tasks',
  level: 'info',
  timestamp: '2025-07-24 09:19:37'
}
{
  ip: '::ffff:127.0.0.1',
  userAgent: 'insomnia/11.3.0',
  processingTime: 463,
  level: 'info',
  message: 'Tasks fetched successfully',
  timestamp: '2025-07-24 09:19:37'
}
{
  message: 'Attempt to fetch all tasks',
  level: 'info',
  timestamp: '2025-07-24 09:20:01'
}
{
  ip: '::ffff:127.0.0.1',
  userAgent: 'insomnia/11.3.0',
  processingTime: 382,
  level: 'info',
  message: 'Tasks fetched successfully',
  timestamp: '2025-07-24 09:20:01'
}
